16:11:24.708 INFO - Selenium build info: version: '3.3.1', revision: '5234b32'
16:11:24.709 INFO - Launching a standalone Selenium Server
2017-04-26 16:11:24.728:INFO::main: Logging initialized @265ms to org.seleniumhq.jetty9.util.log.StdErrLog
16:11:24.785 INFO - Driver provider org.openqa.selenium.ie.InternetExplorerDriver registration is skipped:
 registration capabilities Capabilities [{ensureCleanSession=true, browserName=internet explorer, version=, platform=WINDOWS}] does not match the current platform MAC
16:11:24.786 INFO - Driver provider org.openqa.selenium.edge.EdgeDriver registration is skipped:
 registration capabilities Capabilities [{browserName=MicrosoftEdge, version=, platform=WINDOWS}] does not match the current platform MAC
16:11:24.786 INFO - Driver class not found: com.opera.core.systems.OperaDriver
16:11:24.786 INFO - Driver provider com.opera.core.systems.OperaDriver registration is skipped:
Unable to create new instances on this machine.
16:11:24.786 INFO - Driver class not found: com.opera.core.systems.OperaDriver
16:11:24.787 INFO - Driver provider com.opera.core.systems.OperaDriver is not registered
2017-04-26 16:11:24.836:INFO:osjs.Server:main: jetty-9.2.20.v20161216
2017-04-26 16:11:24.883:INFO:osjsh.ContextHandler:main: Started o.s.j.s.ServletContextHandler@685cb137{/,null,AVAILABLE}
2017-04-26 16:11:24.914:INFO:osjs.AbstractConnector:main: Started ServerConnector@5bcab519{HTTP/1.1,[http/1.1]}{0.0.0.0:4444}
2017-04-26 16:11:24.915:INFO:osjs.Server:main: Started @452ms
16:11:24.915 INFO - Selenium Server is up and running
16:11:25.331 INFO - SessionCleaner initialized with insideBrowserTimeout 0 and clientGoneTimeout 1800000 polling every 180000
16:11:25.355 INFO - Executing: [new session: Capabilities [{acceptSslCerts=true, name=default, browserName=chrome, javascriptEnabled=true, platform=ANY}]])
16:11:25.371 INFO - Creating a new session for Capabilities [{acceptSslCerts=true, name=default, browserName=chrome, javascriptEnabled=true, platform=ANY}]
Starting ChromeDriver 2.28.455517 (2c6d2707d8ea850c862f04ac066724273981e88f) on port 7766
Only local connections are allowed.
16:11:26.519 INFO - Detected dialect: OSS
16:11:26.547 INFO - Done: [new session: Capabilities [{acceptSslCerts=true, name=default, browserName=chrome, javascriptEnabled=true, platform=ANY}]]
16:11:26.569 INFO - Executing: [get: http://localhost:3000])
16:11:28.993 INFO - Done: [get: http://localhost:3000]
16:11:29.028 INFO - Executing: [find elements: By.cssSelector: body])
16:11:29.090 INFO - Done: [find elements: By.cssSelector: body]
16:11:29.100 INFO - Executing: [is displayed: 0 [[ChromeDriver: chrome on MAC (2d11438d14d28a3b8dedf228a15ed318)] -> css selector: body]])
16:11:29.126 INFO - Done: [is displayed: 0 [[ChromeDriver: chrome on MAC (2d11438d14d28a3b8dedf228a15ed318)] -> css selector: body]]
16:11:29.133 INFO - Executing: [find element: By.cssSelector: input[type=email]])
16:11:29.154 INFO - Done: [find element: By.cssSelector: input[type=email]]
16:11:29.160 INFO - Executing: [send keys: 1 [[ChromeDriver: chrome on MAC (2d11438d14d28a3b8dedf228a15ed318)] -> css selector: input[type=email]], [a, d, m, i, n, @, a, d, m, i, n, ., c, o, m]])
16:11:29.367 INFO - Done: [send keys: 1 [[ChromeDriver: chrome on MAC (2d11438d14d28a3b8dedf228a15ed318)] -> css selector: input[type=email]], [a, d, m, i, n, @, a, d, m, i, n, ., c, o, m]]
16:11:29.377 INFO - Executing: [find element: By.cssSelector: input[type=password]])
16:11:29.401 INFO - Done: [find element: By.cssSelector: input[type=password]]
16:11:29.409 INFO - Executing: [send keys: 2 [[ChromeDriver: chrome on MAC (2d11438d14d28a3b8dedf228a15ed318)] -> css selector: input[type=password]], [K, r, a, t, u, s, 0, 4, 3]])
16:11:29.534 INFO - Done: [send keys: 2 [[ChromeDriver: chrome on MAC (2d11438d14d28a3b8dedf228a15ed318)] -> css selector: input[type=password]], [K, r, a, t, u, s, 0, 4, 3]]
16:11:29.540 INFO - Executing: [find element: By.cssSelector: button[type="submit"]])
16:11:29.565 INFO - Done: [find element: By.cssSelector: button[type="submit"]]
16:11:29.569 INFO - Executing: [click: 3 [[ChromeDriver: chrome on MAC (2d11438d14d28a3b8dedf228a15ed318)] -> css selector: button[type="submit"]]])
16:11:29.646 INFO - Done: [click: 3 [[ChromeDriver: chrome on MAC (2d11438d14d28a3b8dedf228a15ed318)] -> css selector: button[type="submit"]]]
16:11:29.660 INFO - Executing: [find elements: By.cssSelector: div.login-feedback])
16:11:29.693 INFO - Done: [find elements: By.cssSelector: div.login-feedback]
16:11:30.206 INFO - Executing: [find elements: By.cssSelector: div.login-feedback])
16:11:30.216 INFO - Done: [find elements: By.cssSelector: div.login-feedback]
16:11:30.221 INFO - Executing: [is displayed: 4 [[ChromeDriver: chrome on MAC (2d11438d14d28a3b8dedf228a15ed318)] -> css selector: div.login-feedback]])
16:11:30.240 INFO - Done: [is displayed: 4 [[ChromeDriver: chrome on MAC (2d11438d14d28a3b8dedf228a15ed318)] -> css selector: div.login-feedback]]
16:11:30.248 INFO - Executing: [find element: By.cssSelector: div.login-feedback])
16:11:30.272 INFO - Done: [find element: By.cssSelector: div.login-feedback]
16:11:30.277 INFO - Executing: [get text: 4 [[ChromeDriver: chrome on MAC (2d11438d14d28a3b8dedf228a15ed318)] -> css selector: div.login-feedback]])
16:11:30.300 INFO - Done: [get text: 4 [[ChromeDriver: chrome on MAC (2d11438d14d28a3b8dedf228a15ed318)] -> css selector: div.login-feedback]]
16:11:30.306 INFO - Executing: [take screenshot])
16:11:31.010 INFO - Done: [take screenshot]
16:11:32.819 INFO - Executing: [get current url])
16:11:32.826 INFO - Done: [get current url]
16:11:32.830 INFO - Executing: [get: http://localhost:3000/create-document])
16:11:33.292 INFO - Done: [get: http://localhost:3000/create-document]
16:11:33.298 INFO - Executing: [find elements: By.cssSelector: body])
16:11:33.316 INFO - Done: [find elements: By.cssSelector: body]
16:11:33.320 INFO - Executing: [is displayed: 5 [[ChromeDriver: chrome on MAC (2d11438d14d28a3b8dedf228a15ed318)] -> css selector: body]])
16:11:33.342 INFO - Done: [is displayed: 5 [[ChromeDriver: chrome on MAC (2d11438d14d28a3b8dedf228a15ed318)] -> css selector: body]]
16:11:33.349 INFO - Executing: [find element: By.cssSelector: h4])
16:11:33.391 INFO - Done: [find element: By.cssSelector: h4]
16:11:33.400 INFO - Executing: [get text: 6 [[ChromeDriver: chrome on MAC (2d11438d14d28a3b8dedf228a15ed318)] -> css selector: h4]])
16:11:33.473 INFO - Done: [get text: 6 [[ChromeDriver: chrome on MAC (2d11438d14d28a3b8dedf228a15ed318)] -> css selector: h4]]
16:11:33.479 INFO - Executing: [find elements: By.cssSelector: body])
16:11:33.492 INFO - Done: [find elements: By.cssSelector: body]
16:11:33.497 INFO - Executing: [is displayed: 5 [[ChromeDriver: chrome on MAC (2d11438d14d28a3b8dedf228a15ed318)] -> css selector: body]])
16:11:33.505 INFO - Done: [is displayed: 5 [[ChromeDriver: chrome on MAC (2d11438d14d28a3b8dedf228a15ed318)] -> css selector: body]]
16:11:33.516 INFO - Executing: [get title])
16:11:33.523 INFO - Done: [get title]
16:11:33.528 INFO - Executing: [find element: By.cssSelector: input#title])
16:11:33.547 INFO - Done: [find element: By.cssSelector: input#title]
16:11:33.552 INFO - Executing: [send keys: 7 [[ChromeDriver: chrome on MAC (2d11438d14d28a3b8dedf228a15ed318)] -> css selector: input#title], [I, s, s, a,  , T, i, t, l, e]])
16:11:33.738 INFO - Done: [send keys: 7 [[ChromeDriver: chrome on MAC (2d11438d14d28a3b8dedf228a15ed318)] -> css selector: input#title], [I, s, s, a,  , T, i, t, l, e]]
16:11:33.745 INFO - Executing: [find element: By.cssSelector: textarea#content])
16:11:33.768 INFO - Done: [find element: By.cssSelector: textarea#content]
16:11:33.776 INFO - Executing: [send keys: 8 [[ChromeDriver: chrome on MAC (2d11438d14d28a3b8dedf228a15ed318)] -> css selector: textarea#content], [I, s, s, a,  , C, o, n, t, e, n, t]])
16:11:34.053 INFO - Done: [send keys: 8 [[ChromeDriver: chrome on MAC (2d11438d14d28a3b8dedf228a15ed318)] -> css selector: textarea#content], [I, s, s, a,  , C, o, n, t, e, n, t]]
16:11:34.059 INFO - Executing: [find element: By.cssSelector: button[type="submit"]])
16:11:34.081 INFO - Done: [find element: By.cssSelector: button[type="submit"]]
16:11:34.085 INFO - Executing: [click: 9 [[ChromeDriver: chrome on MAC (2d11438d14d28a3b8dedf228a15ed318)] -> css selector: button[type="submit"]]])
16:11:34.162 INFO - Done: [click: 9 [[ChromeDriver: chrome on MAC (2d11438d14d28a3b8dedf228a15ed318)] -> css selector: button[type="submit"]]]
16:11:35.169 INFO - Executing: [get current url])
16:11:35.175 INFO - Done: [get current url]
16:11:35.184 INFO - Executing: [delete session: b5d95f13-fe0f-48eb-8fa3-550b38de6435])
16:11:35.327 INFO - Done: [delete session: b5d95f13-fe0f-48eb-8fa3-550b38de6435]
16:11:35.413 INFO - Executing: [new session: Capabilities [{acceptSslCerts=true, name=default, browserName=chrome, javascriptEnabled=true, platform=ANY}]])
16:11:35.414 INFO - Creating a new session for Capabilities [{acceptSslCerts=true, name=default, browserName=chrome, javascriptEnabled=true, platform=ANY}]
Starting ChromeDriver 2.28.455517 (2c6d2707d8ea850c862f04ac066724273981e88f) on port 16289
Only local connections are allowed.
16:11:36.288 INFO - Detected dialect: OSS
16:11:36.293 INFO - Done: [new session: Capabilities [{acceptSslCerts=true, name=default, browserName=chrome, javascriptEnabled=true, platform=ANY}]]
16:11:36.320 INFO - Executing: [get: http://localhost:3000])
16:11:38.804 INFO - Done: [get: http://localhost:3000]
16:11:38.832 INFO - Executing: [find elements: By.cssSelector: body])
16:11:38.856 INFO - Done: [find elements: By.cssSelector: body]
16:11:38.861 INFO - Executing: [is displayed: 0 [[ChromeDriver: chrome on MAC (ae634f344fc8db50c3c5b8634a077de9)] -> css selector: body]])
16:11:38.880 INFO - Done: [is displayed: 0 [[ChromeDriver: chrome on MAC (ae634f344fc8db50c3c5b8634a077de9)] -> css selector: body]]
16:11:38.884 INFO - Executing: [get title])
16:11:38.890 INFO - Done: [get title]
16:11:38.894 INFO - Executing: [find element: By.cssSelector: input[type=email]])
16:11:38.913 INFO - Done: [find element: By.cssSelector: input[type=email]]
16:11:38.917 INFO - Executing: [send keys: 1 [[ChromeDriver: chrome on MAC (ae634f344fc8db50c3c5b8634a077de9)] -> css selector: input[type=email]], [t, e, s, t, @, t, e, s, t, ., c, o, m]])
16:11:39.181 INFO - Done: [send keys: 1 [[ChromeDriver: chrome on MAC (ae634f344fc8db50c3c5b8634a077de9)] -> css selector: input[type=email]], [t, e, s, t, @, t, e, s, t, ., c, o, m]]
16:11:39.185 INFO - Executing: [find element: By.cssSelector: input[type=password]])
16:11:39.217 INFO - Done: [find element: By.cssSelector: input[type=password]]
16:11:39.223 INFO - Executing: [send keys: 2 [[ChromeDriver: chrome on MAC (ae634f344fc8db50c3c5b8634a077de9)] -> css selector: input[type=password]], [u, s, e, r, P, a, s, s, w, o, r, d]])
16:11:39.391 INFO - Done: [send keys: 2 [[ChromeDriver: chrome on MAC (ae634f344fc8db50c3c5b8634a077de9)] -> css selector: input[type=password]], [u, s, e, r, P, a, s, s, w, o, r, d]]
16:11:39.396 INFO - Executing: [find element: By.cssSelector: button[type="submit"]])
16:11:39.419 INFO - Done: [find element: By.cssSelector: button[type="submit"]]
16:11:39.426 INFO - Executing: [click: 3 [[ChromeDriver: chrome on MAC (ae634f344fc8db50c3c5b8634a077de9)] -> css selector: button[type="submit"]]])
16:11:39.509 INFO - Done: [click: 3 [[ChromeDriver: chrome on MAC (ae634f344fc8db50c3c5b8634a077de9)] -> css selector: button[type="submit"]]]
16:11:39.519 INFO - Executing: [find elements: By.cssSelector: div.login-feedback])
16:11:39.566 INFO - Done: [find elements: By.cssSelector: div.login-feedback]
16:11:40.073 INFO - Executing: [find elements: By.cssSelector: div.login-feedback])
16:11:40.083 INFO - Done: [find elements: By.cssSelector: div.login-feedback]
16:11:40.086 INFO - Executing: [is displayed: 4 [[ChromeDriver: chrome on MAC (ae634f344fc8db50c3c5b8634a077de9)] -> css selector: div.login-feedback]])
16:11:40.105 INFO - Done: [is displayed: 4 [[ChromeDriver: chrome on MAC (ae634f344fc8db50c3c5b8634a077de9)] -> css selector: div.login-feedback]]
16:11:40.111 INFO - Executing: [find element: By.cssSelector: div.login-feedback])
16:11:40.134 INFO - Done: [find element: By.cssSelector: div.login-feedback]
16:11:40.137 INFO - Executing: [get text: 4 [[ChromeDriver: chrome on MAC (ae634f344fc8db50c3c5b8634a077de9)] -> css selector: div.login-feedback]])
16:11:40.159 INFO - Done: [get text: 4 [[ChromeDriver: chrome on MAC (ae634f344fc8db50c3c5b8634a077de9)] -> css selector: div.login-feedback]]
16:11:40.166 INFO - Executing: [take screenshot])
16:11:41.129 INFO - Done: [take screenshot]
16:11:43.225 INFO - Executing: [get current url])
16:11:43.232 INFO - Done: [get current url]
16:11:43.236 INFO - Executing: [find element: By.cssSelector: #logout])
16:11:43.254 INFO - Done: [find element: By.cssSelector: #logout]
16:11:43.258 INFO - Executing: [click: 5 [[ChromeDriver: chrome on MAC (ae634f344fc8db50c3c5b8634a077de9)] -> css selector: #logout]])
16:11:43.322 INFO - Done: [click: 5 [[ChromeDriver: chrome on MAC (ae634f344fc8db50c3c5b8634a077de9)] -> css selector: #logout]]
16:11:44.333 INFO - Executing: [get current url])
16:11:44.338 INFO - Done: [get current url]
16:11:44.343 INFO - Executing: [delete session: 5f842482-bfa3-4de7-ac1f-be03448092eb])
16:11:44.521 INFO - Done: [delete session: 5f842482-bfa3-4de7-ac1f-be03448092eb]
16:11:44.594 INFO - Executing: [new session: Capabilities [{acceptSslCerts=true, name=default, browserName=chrome, javascriptEnabled=true, platform=ANY}]])
16:11:44.595 INFO - Creating a new session for Capabilities [{acceptSslCerts=true, name=default, browserName=chrome, javascriptEnabled=true, platform=ANY}]
Starting ChromeDriver 2.28.455517 (2c6d2707d8ea850c862f04ac066724273981e88f) on port 36987
Only local connections are allowed.
16:11:45.435 INFO - Detected dialect: OSS
16:11:45.437 INFO - Done: [new session: Capabilities [{acceptSslCerts=true, name=default, browserName=chrome, javascriptEnabled=true, platform=ANY}]]
16:11:45.442 INFO - Executing: [get: http://localhost:3000])
16:11:49.205 INFO - Done: [get: http://localhost:3000]
16:11:49.211 INFO - Executing: [find elements: By.cssSelector: body])
16:11:49.241 INFO - Done: [find elements: By.cssSelector: body]
16:11:49.244 INFO - Executing: [is displayed: 0 [[ChromeDriver: chrome on MAC (f82016543775a0e7d73c24944456c4e2)] -> css selector: body]])
16:11:49.265 INFO - Done: [is displayed: 0 [[ChromeDriver: chrome on MAC (f82016543775a0e7d73c24944456c4e2)] -> css selector: body]]
16:11:49.269 INFO - Executing: [find element: By.cssSelector: input[type=email]])
16:11:49.286 INFO - Done: [find element: By.cssSelector: input[type=email]]
16:11:49.290 INFO - Executing: [send keys: 1 [[ChromeDriver: chrome on MAC (f82016543775a0e7d73c24944456c4e2)] -> css selector: input[type=email]], [a, d, m, i, n, @, a, d, m, i, n, ., c, o, m]])
16:11:49.660 INFO - Done: [send keys: 1 [[ChromeDriver: chrome on MAC (f82016543775a0e7d73c24944456c4e2)] -> css selector: input[type=email]], [a, d, m, i, n, @, a, d, m, i, n, ., c, o, m]]
16:11:49.664 INFO - Executing: [find element: By.cssSelector: input[type=password]])
16:11:49.688 INFO - Done: [find element: By.cssSelector: input[type=password]]
16:11:49.693 INFO - Executing: [send keys: 2 [[ChromeDriver: chrome on MAC (f82016543775a0e7d73c24944456c4e2)] -> css selector: input[type=password]], [K, r, a, t, u, s, 0, 4, 3]])
16:11:49.827 INFO - Done: [send keys: 2 [[ChromeDriver: chrome on MAC (f82016543775a0e7d73c24944456c4e2)] -> css selector: input[type=password]], [K, r, a, t, u, s, 0, 4, 3]]
16:11:49.832 INFO - Executing: [find element: By.cssSelector: button[type="submit"]])
16:11:49.860 INFO - Done: [find element: By.cssSelector: button[type="submit"]]
16:11:49.872 INFO - Executing: [click: 3 [[ChromeDriver: chrome on MAC (f82016543775a0e7d73c24944456c4e2)] -> css selector: button[type="submit"]]])
16:11:49.968 INFO - Done: [click: 3 [[ChromeDriver: chrome on MAC (f82016543775a0e7d73c24944456c4e2)] -> css selector: button[type="submit"]]]
16:11:49.973 INFO - Executing: [find elements: By.cssSelector: div.login-feedback])
16:11:50.015 INFO - Done: [find elements: By.cssSelector: div.login-feedback]
16:11:50.520 INFO - Executing: [find elements: By.cssSelector: div.login-feedback])
16:11:50.533 INFO - Done: [find elements: By.cssSelector: div.login-feedback]
16:11:50.537 INFO - Executing: [is displayed: 4 [[ChromeDriver: chrome on MAC (f82016543775a0e7d73c24944456c4e2)] -> css selector: div.login-feedback]])
16:11:50.559 INFO - Done: [is displayed: 4 [[ChromeDriver: chrome on MAC (f82016543775a0e7d73c24944456c4e2)] -> css selector: div.login-feedback]]
16:11:50.564 INFO - Executing: [find element: By.cssSelector: div.login-feedback])
16:11:50.588 INFO - Done: [find element: By.cssSelector: div.login-feedback]
16:11:50.590 INFO - Executing: [get text: 4 [[ChromeDriver: chrome on MAC (f82016543775a0e7d73c24944456c4e2)] -> css selector: div.login-feedback]])
16:11:50.613 INFO - Done: [get text: 4 [[ChromeDriver: chrome on MAC (f82016543775a0e7d73c24944456c4e2)] -> css selector: div.login-feedback]]
16:11:50.618 INFO - Executing: [take screenshot])
16:11:51.406 INFO - Done: [take screenshot]
16:11:53.544 INFO - Executing: [get current url])
16:11:53.550 INFO - Done: [get current url]
16:11:53.554 INFO - Executing: [get: http://localhost:3000/create-role])
16:11:53.984 INFO - Done: [get: http://localhost:3000/create-role]
16:11:53.994 INFO - Executing: [find elements: By.cssSelector: body])
16:11:54.016 INFO - Done: [find elements: By.cssSelector: body]
16:11:54.023 INFO - Executing: [is displayed: 5 [[ChromeDriver: chrome on MAC (f82016543775a0e7d73c24944456c4e2)] -> css selector: body]])
16:11:54.055 INFO - Done: [is displayed: 5 [[ChromeDriver: chrome on MAC (f82016543775a0e7d73c24944456c4e2)] -> css selector: body]]
16:11:54.061 INFO - Executing: [find element: By.cssSelector: h4])
16:11:54.091 INFO - Done: [find element: By.cssSelector: h4]
16:11:54.095 INFO - Executing: [get text: 6 [[ChromeDriver: chrome on MAC (f82016543775a0e7d73c24944456c4e2)] -> css selector: h4]])
16:11:54.117 INFO - Done: [get text: 6 [[ChromeDriver: chrome on MAC (f82016543775a0e7d73c24944456c4e2)] -> css selector: h4]]
16:11:54.122 INFO - Executing: [find elements: By.cssSelector: body])
16:11:54.130 INFO - Done: [find elements: By.cssSelector: body]
16:11:54.134 INFO - Executing: [is displayed: 5 [[ChromeDriver: chrome on MAC (f82016543775a0e7d73c24944456c4e2)] -> css selector: body]])
16:11:54.141 INFO - Done: [is displayed: 5 [[ChromeDriver: chrome on MAC (f82016543775a0e7d73c24944456c4e2)] -> css selector: body]]
16:11:54.145 INFO - Executing: [get title])
16:11:54.154 INFO - Done: [get title]
16:11:54.158 INFO - Executing: [find element: By.cssSelector: input#role])
16:11:54.177 INFO - Done: [find element: By.cssSelector: input#role]
16:11:54.180 INFO - Executing: [send keys: 7 [[ChromeDriver: chrome on MAC (f82016543775a0e7d73c24944456c4e2)] -> css selector: input#role], [I, s, s, a,  , R, o, l, e]])
16:11:54.349 INFO - Done: [send keys: 7 [[ChromeDriver: chrome on MAC (f82016543775a0e7d73c24944456c4e2)] -> css selector: input#role], [I, s, s, a,  , R, o, l, e]]
16:11:54.357 INFO - Executing: [find element: By.cssSelector: button[type="submit"]])
16:11:54.367 INFO - Done: [find element: By.cssSelector: button[type="submit"]]
16:11:54.372 INFO - Executing: [click: 8 [[ChromeDriver: chrome on MAC (f82016543775a0e7d73c24944456c4e2)] -> css selector: button[type="submit"]]])
16:11:54.444 INFO - Done: [click: 8 [[ChromeDriver: chrome on MAC (f82016543775a0e7d73c24944456c4e2)] -> css selector: button[type="submit"]]]
16:11:55.449 INFO - Executing: [get: http://localhost:3000/roles])
16:11:55.770 INFO - Done: [get: http://localhost:3000/roles]
16:11:55.775 INFO - Executing: [find elements: By.cssSelector: table#role_list])
16:11:55.798 INFO - Done: [find elements: By.cssSelector: table#role_list]
16:11:55.802 INFO - Executing: [is displayed: 9 [[ChromeDriver: chrome on MAC (f82016543775a0e7d73c24944456c4e2)] -> css selector: table#role_list]])
16:11:55.826 INFO - Done: [is displayed: 9 [[ChromeDriver: chrome on MAC (f82016543775a0e7d73c24944456c4e2)] -> css selector: table#role_list]]
16:11:55.832 INFO - Executing: [find element: By.cssSelector: table#role_list tr:last-of-type>td.role-title])
16:11:55.861 INFO - Done: [find element: By.cssSelector: table#role_list tr:last-of-type>td.role-title]
16:11:55.864 INFO - Executing: [get text: 10 [[ChromeDriver: chrome on MAC (f82016543775a0e7d73c24944456c4e2)] -> css selector: table#role_list tr:last-of-type>td.role-title]])
16:11:55.888 INFO - Done: [get text: 10 [[ChromeDriver: chrome on MAC (f82016543775a0e7d73c24944456c4e2)] -> css selector: table#role_list tr:last-of-type>td.role-title]]
16:11:55.893 INFO - Executing: [delete session: 4f3064c4-64f1-410a-8c73-9ec157901a2e])
16:11:56.034 INFO - Done: [delete session: 4f3064c4-64f1-410a-8c73-9ec157901a2e]
16:11:56.060 INFO - Executing: [new session: Capabilities [{acceptSslCerts=true, name=default, browserName=chrome, javascriptEnabled=true, platform=ANY}]])
16:11:56.061 INFO - Creating a new session for Capabilities [{acceptSslCerts=true, name=default, browserName=chrome, javascriptEnabled=true, platform=ANY}]
Starting ChromeDriver 2.28.455517 (2c6d2707d8ea850c862f04ac066724273981e88f) on port 37749
Only local connections are allowed.
16:11:56.874 INFO - Detected dialect: OSS
16:11:56.876 INFO - Done: [new session: Capabilities [{acceptSslCerts=true, name=default, browserName=chrome, javascriptEnabled=true, platform=ANY}]]
16:11:56.882 INFO - Executing: [get: http://localhost:3000])
16:11:59.170 INFO - Done: [get: http://localhost:3000]
16:11:59.176 INFO - Executing: [find elements: By.cssSelector: body])
16:11:59.203 INFO - Done: [find elements: By.cssSelector: body]
16:11:59.207 INFO - Executing: [is displayed: 0 [[ChromeDriver: chrome on MAC (f422743ec6d60ad52085f1e482477ad7)] -> css selector: body]])
16:11:59.227 INFO - Done: [is displayed: 0 [[ChromeDriver: chrome on MAC (f422743ec6d60ad52085f1e482477ad7)] -> css selector: body]]
16:11:59.230 INFO - Executing: [find element: By.cssSelector: input[type=email]])
16:11:59.249 INFO - Done: [find element: By.cssSelector: input[type=email]]
16:11:59.252 INFO - Executing: [send keys: 1 [[ChromeDriver: chrome on MAC (f422743ec6d60ad52085f1e482477ad7)] -> css selector: input[type=email]], [a, d, m, i, n, @, a, d, m, i, n, ., c, o, m]])
16:11:59.586 INFO - Done: [send keys: 1 [[ChromeDriver: chrome on MAC (f422743ec6d60ad52085f1e482477ad7)] -> css selector: input[type=email]], [a, d, m, i, n, @, a, d, m, i, n, ., c, o, m]]
16:11:59.597 INFO - Executing: [find element: By.cssSelector: input[type=password]])
16:11:59.622 INFO - Done: [find element: By.cssSelector: input[type=password]]
16:11:59.628 INFO - Executing: [send keys: 2 [[ChromeDriver: chrome on MAC (f422743ec6d60ad52085f1e482477ad7)] -> css selector: input[type=password]], [K, r, a, t, u, s, 0, 4, 3]])
16:11:59.778 INFO - Done: [send keys: 2 [[ChromeDriver: chrome on MAC (f422743ec6d60ad52085f1e482477ad7)] -> css selector: input[type=password]], [K, r, a, t, u, s, 0, 4, 3]]
16:11:59.783 INFO - Executing: [find element: By.cssSelector: button[type="submit"]])
16:11:59.815 INFO - Done: [find element: By.cssSelector: button[type="submit"]]
16:11:59.820 INFO - Executing: [click: 3 [[ChromeDriver: chrome on MAC (f422743ec6d60ad52085f1e482477ad7)] -> css selector: button[type="submit"]]])
16:11:59.899 INFO - Done: [click: 3 [[ChromeDriver: chrome on MAC (f422743ec6d60ad52085f1e482477ad7)] -> css selector: button[type="submit"]]]
16:11:59.913 INFO - Executing: [find elements: By.cssSelector: div.login-feedback])
16:11:59.950 INFO - Done: [find elements: By.cssSelector: div.login-feedback]
16:12:00.461 INFO - Executing: [find elements: By.cssSelector: div.login-feedback])
16:12:00.471 INFO - Done: [find elements: By.cssSelector: div.login-feedback]
16:12:00.474 INFO - Executing: [is displayed: 4 [[ChromeDriver: chrome on MAC (f422743ec6d60ad52085f1e482477ad7)] -> css selector: div.login-feedback]])
16:12:00.493 INFO - Done: [is displayed: 4 [[ChromeDriver: chrome on MAC (f422743ec6d60ad52085f1e482477ad7)] -> css selector: div.login-feedback]]
16:12:00.497 INFO - Executing: [find element: By.cssSelector: div.login-feedback])
16:12:00.514 INFO - Done: [find element: By.cssSelector: div.login-feedback]
16:12:00.517 INFO - Executing: [get text: 4 [[ChromeDriver: chrome on MAC (f422743ec6d60ad52085f1e482477ad7)] -> css selector: div.login-feedback]])
16:12:00.539 INFO - Done: [get text: 4 [[ChromeDriver: chrome on MAC (f422743ec6d60ad52085f1e482477ad7)] -> css selector: div.login-feedback]]
16:12:01.548 INFO - Executing: [get: http://localhost:3000/roles])
16:12:02.010 INFO - Done: [get: http://localhost:3000/roles]
16:12:04.021 INFO - Executing: [find element: By.cssSelector: table#role_list tbody tr:last-of-type i.delete-btn])
16:12:04.041 INFO - Done: [find element: By.cssSelector: table#role_list tbody tr:last-of-type i.delete-btn]
16:12:04.043 INFO - Executing: [click: 5 [[ChromeDriver: chrome on MAC (f422743ec6d60ad52085f1e482477ad7)] -> css selector: table#role_list tbody tr:last-of-type i.delete-btn]])
16:12:04.093 INFO - Done: [click: 5 [[ChromeDriver: chrome on MAC (f422743ec6d60ad52085f1e482477ad7)] -> css selector: table#role_list tbody tr:last-of-type i.delete-btn]]
16:12:04.601 INFO - Executing: [find elements: By.cssSelector: button.confirm])
16:12:04.623 INFO - Done: [find elements: By.cssSelector: button.confirm]
16:12:04.627 INFO - Executing: [is displayed: 6 [[ChromeDriver: chrome on MAC (f422743ec6d60ad52085f1e482477ad7)] -> css selector: button.confirm]])
16:12:04.647 INFO - Done: [is displayed: 6 [[ChromeDriver: chrome on MAC (f422743ec6d60ad52085f1e482477ad7)] -> css selector: button.confirm]]
16:12:04.651 INFO - Executing: [find element: By.cssSelector: button.confirm])
16:12:04.671 INFO - Done: [find element: By.cssSelector: button.confirm]
16:12:04.676 INFO - Executing: [click: 6 [[ChromeDriver: chrome on MAC (f422743ec6d60ad52085f1e482477ad7)] -> css selector: button.confirm]])
16:12:04.739 INFO - Done: [click: 6 [[ChromeDriver: chrome on MAC (f422743ec6d60ad52085f1e482477ad7)] -> css selector: button.confirm]]
16:12:04.746 INFO - Executing: [find elements: By.cssSelector: table#role_list tr:last-of-type>td.role-title])
16:12:04.786 INFO - Done: [find elements: By.cssSelector: table#role_list tr:last-of-type>td.role-title]
16:12:04.789 INFO - Executing: [get text: 7 [[ChromeDriver: chrome on MAC (f422743ec6d60ad52085f1e482477ad7)] -> css selector: table#role_list tr:last-of-type>td.role-title]])
16:12:05.753 WARN - Exception thrown
org.openqa.selenium.StaleElementReferenceException: stale element reference: element is not attached to the page document
  (Session info: chrome=57.0.2987.133)
  (Driver info: chromedriver=2.28.455517 (2c6d2707d8ea850c862f04ac066724273981e88f),platform=Mac OS X 10.12.4 x86_64) (WARNING: The server did not provide any stacktrace information)
Command duration or timeout: 25 milliseconds
For documentation on this error, please visit: http://seleniumhq.org/exceptions/stale_element_reference.html
Build info: version: '3.3.1', revision: '5234b32', time: '2017-03-10 09:04:52 -0800'
System info: host: 'MacBook-Pro.local', ip: 'fe80:0:0:0:8f4:3112:e71d:279d%en0', os.name: 'Mac OS X', os.arch: 'x86_64', os.version: '10.12.4', java.version: '1.8.0_131'
Driver info: org.openqa.selenium.chrome.ChromeDriver
Capabilities [{applicationCacheEnabled=false, rotatable=false, mobileEmulationEnabled=false, networkConnectionEnabled=false, chrome={chromedriverVersion=2.28.455517 (2c6d2707d8ea850c862f04ac066724273981e88f), userDataDir=/var/folders/7f/nz99wybd7778sw_lj2n_f_ym0000gn/T/.org.chromium.Chromium.nluiFy}, takesHeapSnapshot=true, pageLoadStrategy=normal, databaseEnabled=false, handlesAlerts=true, hasTouchScreen=false, version=57.0.2987.133, platform=MAC, browserConnectionEnabled=false, nativeEvents=true, acceptSslCerts=true, locationContextEnabled=true, webStorageEnabled=true, browserName=chrome, takesScreenshot=true, javascriptEnabled=true, cssSelectorsEnabled=true, unexpectedAlertBehaviour=}]
Session ID: f422743ec6d60ad52085f1e482477ad7
	at sun.reflect.NativeConstructorAccessorImpl.newInstance0(Native Method)
	at sun.reflect.NativeConstructorAccessorImpl.newInstance(NativeConstructorAccessorImpl.java:62)
	at sun.reflect.DelegatingConstructorAccessorImpl.newInstance(DelegatingConstructorAccessorImpl.java:45)
	at java.lang.reflect.Constructor.newInstance(Constructor.java:423)
	at org.openqa.selenium.remote.ErrorHandler.createThrowable(ErrorHandler.java:216)
	at org.openqa.selenium.remote.ErrorHandler.throwIfResponseFailed(ErrorHandler.java:168)
	at org.openqa.selenium.remote.RemoteWebDriver.execute(RemoteWebDriver.java:638)
	at org.openqa.selenium.remote.RemoteWebElement.execute(RemoteWebElement.java:274)
	at org.openqa.selenium.remote.RemoteWebElement.getText(RemoteWebElement.java:158)
	at sun.reflect.NativeMethodAccessorImpl.invoke0(Native Method)
	at sun.reflect.NativeMethodAccessorImpl.invoke(NativeMethodAccessorImpl.java:62)
	at sun.reflect.DelegatingMethodAccessorImpl.invoke(DelegatingMethodAccessorImpl.java:43)
	at java.lang.reflect.Method.invoke(Method.java:498)
	at org.openqa.selenium.support.events.EventFiringWebDriver$EventFiringWebElement$1.invoke(EventFiringWebDriver.java:332)
	at com.sun.proxy.$Proxy5.getText(Unknown Source)
	at org.openqa.selenium.support.events.EventFiringWebDriver$EventFiringWebElement.getText(EventFiringWebDriver.java:382)
	at sun.reflect.NativeMethodAccessorImpl.invoke0(Native Method)
	at sun.reflect.NativeMethodAccessorImpl.invoke(NativeMethodAccessorImpl.java:62)
	at sun.reflect.DelegatingMethodAccessorImpl.invoke(DelegatingMethodAccessorImpl.java:43)
	at java.lang.reflect.Method.invoke(Method.java:498)
	at org.openqa.selenium.remote.server.KnownElements$1.invoke(KnownElements.java:64)
	at com.sun.proxy.$Proxy6.getText(Unknown Source)
	at org.openqa.selenium.remote.server.handler.GetElementText.call(GetElementText.java:30)
	at org.openqa.selenium.remote.server.handler.GetElementText.call(GetElementText.java:22)
	at java.util.concurrent.FutureTask.run(FutureTask.java:266)
	at org.openqa.selenium.remote.server.DefaultSession$1.run(DefaultSession.java:176)
	at java.util.concurrent.ThreadPoolExecutor.runWorker(ThreadPoolExecutor.java:1142)
	at java.util.concurrent.ThreadPoolExecutor$Worker.run(ThreadPoolExecutor.java:617)
	at java.lang.Thread.run(Thread.java:748)
16:12:05.755 WARN - Exception: stale element reference: element is not attached to the page document
  (Session info: chrome=57.0.2987.133)
  (Driver info: chromedriver=2.28.455517 (2c6d2707d8ea850c862f04ac066724273981e88f),platform=Mac OS X 10.12.4 x86_64) (WARNING: The server did not provide any stacktrace information)
Command duration or timeout: 25 milliseconds
For documentation on this error, please visit: http://seleniumhq.org/exceptions/stale_element_reference.html
Build info: version: '3.3.1', revision: '5234b32', time: '2017-03-10 09:04:52 -0800'
System info: host: 'MacBook-Pro.local', ip: 'fe80:0:0:0:8f4:3112:e71d:279d%en0', os.name: 'Mac OS X', os.arch: 'x86_64', os.version: '10.12.4', java.version: '1.8.0_131'
Driver info: org.openqa.selenium.chrome.ChromeDriver
Capabilities [{applicationCacheEnabled=false, rotatable=false, mobileEmulationEnabled=false, networkConnectionEnabled=false, chrome={chromedriverVersion=2.28.455517 (2c6d2707d8ea850c862f04ac066724273981e88f), userDataDir=/var/folders/7f/nz99wybd7778sw_lj2n_f_ym0000gn/T/.org.chromium.Chromium.nluiFy}, takesHeapSnapshot=true, pageLoadStrategy=normal, databaseEnabled=false, handlesAlerts=true, hasTouchScreen=false, version=57.0.2987.133, platform=MAC, browserConnectionEnabled=false, nativeEvents=true, acceptSslCerts=true, locationContextEnabled=true, webStorageEnabled=true, browserName=chrome, takesScreenshot=true, javascriptEnabled=true, cssSelectorsEnabled=true, unexpectedAlertBehaviour=}]
Session ID: f422743ec6d60ad52085f1e482477ad7
16:12:05.935 INFO - Executing: [delete session: 4b2cff81-007e-4509-9748-cfd19033517a])
16:12:06.061 INFO - Done: [delete session: 4b2cff81-007e-4509-9748-cfd19033517a]
16:12:06.297 INFO - Executing: [new session: Capabilities [{acceptSslCerts=true, name=Search Spec, browserName=chrome, javascriptEnabled=true, platform=ANY}]])
16:12:06.298 INFO - Creating a new session for Capabilities [{acceptSslCerts=true, name=Search Spec, browserName=chrome, javascriptEnabled=true, platform=ANY}]
Starting ChromeDriver 2.28.455517 (2c6d2707d8ea850c862f04ac066724273981e88f) on port 14110
Only local connections are allowed.
16:12:07.108 INFO - Detected dialect: OSS
16:12:07.109 INFO - Done: [new session: Capabilities [{acceptSslCerts=true, name=Search Spec, browserName=chrome, javascriptEnabled=true, platform=ANY}]]
16:12:07.115 INFO - Executing: [get: http://localhost:3000])
16:12:09.337 INFO - Done: [get: http://localhost:3000]
16:12:09.344 INFO - Executing: [find elements: By.cssSelector: body])
16:12:09.372 INFO - Done: [find elements: By.cssSelector: body]
16:12:09.375 INFO - Executing: [is displayed: 0 [[ChromeDriver: chrome on MAC (91eae315b1392e75eb12dcec553a89cc)] -> css selector: body]])
16:12:09.393 INFO - Done: [is displayed: 0 [[ChromeDriver: chrome on MAC (91eae315b1392e75eb12dcec553a89cc)] -> css selector: body]]
16:12:09.397 INFO - Executing: [find element: By.cssSelector: input[type=email]])
16:12:09.415 INFO - Done: [find element: By.cssSelector: input[type=email]]
16:12:09.418 INFO - Executing: [send keys: 1 [[ChromeDriver: chrome on MAC (91eae315b1392e75eb12dcec553a89cc)] -> css selector: input[type=email]], [t, e, s, t, @, t, e, s, t, ., c, o, m]])
16:12:09.733 INFO - Done: [send keys: 1 [[ChromeDriver: chrome on MAC (91eae315b1392e75eb12dcec553a89cc)] -> css selector: input[type=email]], [t, e, s, t, @, t, e, s, t, ., c, o, m]]
16:12:09.736 INFO - Executing: [find element: By.cssSelector: input[type=password]])
16:12:09.764 INFO - Done: [find element: By.cssSelector: input[type=password]]
16:12:09.769 INFO - Executing: [send keys: 2 [[ChromeDriver: chrome on MAC (91eae315b1392e75eb12dcec553a89cc)] -> css selector: input[type=password]], [u, s, e, r, P, a, s, s, w, o, r, d]])
16:12:09.928 INFO - Done: [send keys: 2 [[ChromeDriver: chrome on MAC (91eae315b1392e75eb12dcec553a89cc)] -> css selector: input[type=password]], [u, s, e, r, P, a, s, s, w, o, r, d]]
16:12:09.938 INFO - Executing: [find element: By.cssSelector: button[type="submit"]])
16:12:09.961 INFO - Done: [find element: By.cssSelector: button[type="submit"]]
16:12:09.965 INFO - Executing: [click: 3 [[ChromeDriver: chrome on MAC (91eae315b1392e75eb12dcec553a89cc)] -> css selector: button[type="submit"]]])
16:12:10.053 INFO - Done: [click: 3 [[ChromeDriver: chrome on MAC (91eae315b1392e75eb12dcec553a89cc)] -> css selector: button[type="submit"]]]
16:12:10.059 INFO - Executing: [find elements: By.cssSelector: div.login-feedback])
16:12:10.102 INFO - Done: [find elements: By.cssSelector: div.login-feedback]
16:12:10.609 INFO - Executing: [find elements: By.cssSelector: div.login-feedback])
16:12:10.618 INFO - Done: [find elements: By.cssSelector: div.login-feedback]
16:12:10.625 INFO - Executing: [is displayed: 4 [[ChromeDriver: chrome on MAC (91eae315b1392e75eb12dcec553a89cc)] -> css selector: div.login-feedback]])
16:12:10.645 INFO - Done: [is displayed: 4 [[ChromeDriver: chrome on MAC (91eae315b1392e75eb12dcec553a89cc)] -> css selector: div.login-feedback]]
16:12:10.650 INFO - Executing: [find element: By.cssSelector: div.login-feedback])
16:12:10.669 INFO - Done: [find element: By.cssSelector: div.login-feedback]
16:12:10.673 INFO - Executing: [get text: 4 [[ChromeDriver: chrome on MAC (91eae315b1392e75eb12dcec553a89cc)] -> css selector: div.login-feedback]])
16:12:10.694 INFO - Done: [get text: 4 [[ChromeDriver: chrome on MAC (91eae315b1392e75eb12dcec553a89cc)] -> css selector: div.login-feedback]]
16:12:10.699 INFO - Executing: [take screenshot])
16:12:11.472 INFO - Done: [take screenshot]
16:12:13.689 INFO - Executing: [get current url])
16:12:13.696 INFO - Done: [get current url]
16:12:13.705 INFO - Executing: [find elements: By.cssSelector: body])
16:12:13.713 INFO - Done: [find elements: By.cssSelector: body]
16:12:13.716 INFO - Executing: [is displayed: 0 [[ChromeDriver: chrome on MAC (91eae315b1392e75eb12dcec553a89cc)] -> css selector: body]])
16:12:13.723 INFO - Done: [is displayed: 0 [[ChromeDriver: chrome on MAC (91eae315b1392e75eb12dcec553a89cc)] -> css selector: body]]
16:12:13.727 INFO - Executing: [find element: By.cssSelector: h4])
16:12:13.745 INFO - Done: [find element: By.cssSelector: h4]
16:12:13.747 INFO - Executing: [get text: 5 [[ChromeDriver: chrome on MAC (91eae315b1392e75eb12dcec553a89cc)] -> css selector: h4]])
16:12:13.767 INFO - Done: [get text: 5 [[ChromeDriver: chrome on MAC (91eae315b1392e75eb12dcec553a89cc)] -> css selector: h4]]
16:12:13.770 INFO - Executing: [find elements: By.cssSelector: body])
16:12:13.777 INFO - Done: [find elements: By.cssSelector: body]
16:12:13.780 INFO - Executing: [is displayed: 0 [[ChromeDriver: chrome on MAC (91eae315b1392e75eb12dcec553a89cc)] -> css selector: body]])
16:12:13.789 INFO - Done: [is displayed: 0 [[ChromeDriver: chrome on MAC (91eae315b1392e75eb12dcec553a89cc)] -> css selector: body]]
16:12:13.793 INFO - Executing: [get title])
16:12:13.798 INFO - Done: [get title]
16:12:13.802 INFO - Executing: [get: http://localhost:3000/create-document])
16:12:14.235 INFO - Done: [get: http://localhost:3000/create-document]
16:12:14.242 INFO - Executing: [find elements: By.cssSelector: body])
16:12:14.267 INFO - Done: [find elements: By.cssSelector: body]
16:12:14.271 INFO - Executing: [is displayed: 6 [[ChromeDriver: chrome on MAC (91eae315b1392e75eb12dcec553a89cc)] -> css selector: body]])
16:12:14.293 INFO - Done: [is displayed: 6 [[ChromeDriver: chrome on MAC (91eae315b1392e75eb12dcec553a89cc)] -> css selector: body]]
16:12:14.298 INFO - Executing: [find element: By.cssSelector: h4])
16:12:14.307 INFO - Done: [find element: By.cssSelector: h4]
16:12:14.310 INFO - Executing: [get text: 7 [[ChromeDriver: chrome on MAC (91eae315b1392e75eb12dcec553a89cc)] -> css selector: h4]])
16:12:14.358 INFO - Done: [get text: 7 [[ChromeDriver: chrome on MAC (91eae315b1392e75eb12dcec553a89cc)] -> css selector: h4]]
16:12:14.366 INFO - Executing: [find elements: By.cssSelector: body])
16:12:14.379 INFO - Done: [find elements: By.cssSelector: body]
16:12:14.382 INFO - Executing: [is displayed: 6 [[ChromeDriver: chrome on MAC (91eae315b1392e75eb12dcec553a89cc)] -> css selector: body]])
16:12:14.390 INFO - Done: [is displayed: 6 [[ChromeDriver: chrome on MAC (91eae315b1392e75eb12dcec553a89cc)] -> css selector: body]]
16:12:14.393 INFO - Executing: [find element: By.cssSelector: input#title])
16:12:14.414 INFO - Done: [find element: By.cssSelector: input#title]
16:12:14.418 INFO - Executing: [send keys: 8 [[ChromeDriver: chrome on MAC (91eae315b1392e75eb12dcec553a89cc)] -> css selector: input#title], [S, e, a, r, c, h, e, d,  , D, o, c, u, m, e, n, t]])
16:12:14.683 INFO - Done: [send keys: 8 [[ChromeDriver: chrome on MAC (91eae315b1392e75eb12dcec553a89cc)] -> css selector: input#title], [S, e, a, r, c, h, e, d,  , D, o, c, u, m, e, n, t]]
16:12:14.686 INFO - Executing: [find element: By.cssSelector: textarea#content])
16:12:14.710 INFO - Done: [find element: By.cssSelector: textarea#content]
16:12:14.713 INFO - Executing: [send keys: 9 [[ChromeDriver: chrome on MAC (91eae315b1392e75eb12dcec553a89cc)] -> css selector: textarea#content], [I, s, s, a,  , C, o, n, t, e, n, t]])
16:12:14.988 INFO - Done: [send keys: 9 [[ChromeDriver: chrome on MAC (91eae315b1392e75eb12dcec553a89cc)] -> css selector: textarea#content], [I, s, s, a,  , C, o, n, t, e, n, t]]
16:12:15.001 INFO - Executing: [find element: By.cssSelector: button[type="submit"]])
16:12:15.013 INFO - Done: [find element: By.cssSelector: button[type="submit"]]
16:12:15.016 INFO - Executing: [click: 10 [[ChromeDriver: chrome on MAC (91eae315b1392e75eb12dcec553a89cc)] -> css selector: button[type="submit"]]])
16:12:15.104 INFO - Done: [click: 10 [[ChromeDriver: chrome on MAC (91eae315b1392e75eb12dcec553a89cc)] -> css selector: button[type="submit"]]]
16:12:16.115 INFO - Executing: [get current url])
16:12:16.121 INFO - Done: [get current url]
16:12:16.125 INFO - Executing: [delete session: 567f521b-3daa-4cb8-a942-ff438b4a0c1f])
16:12:16.253 INFO - Done: [delete session: 567f521b-3daa-4cb8-a942-ff438b4a0c1f]
16:12:16.338 INFO - Executing: [new session: Capabilities [{acceptSslCerts=true, name=default, browserName=chrome, javascriptEnabled=true, platform=ANY}]])
16:12:16.339 INFO - Creating a new session for Capabilities [{acceptSslCerts=true, name=default, browserName=chrome, javascriptEnabled=true, platform=ANY}]
Starting ChromeDriver 2.28.455517 (2c6d2707d8ea850c862f04ac066724273981e88f) on port 23517
Only local connections are allowed.
16:12:17.191 INFO - Detected dialect: OSS
16:12:17.193 INFO - Done: [new session: Capabilities [{acceptSslCerts=true, name=default, browserName=chrome, javascriptEnabled=true, platform=ANY}]]
16:12:17.195 INFO - Executing: [get: http://localhost:3000/register])
16:12:19.447 INFO - Done: [get: http://localhost:3000/register]
16:12:19.453 INFO - Executing: [find elements: By.cssSelector: body])
16:12:19.482 INFO - Done: [find elements: By.cssSelector: body]
16:12:19.485 INFO - Executing: [is displayed: 0 [[ChromeDriver: chrome on MAC (61f5cae1ff8b59c155d485821e339fa8)] -> css selector: body]])
16:12:19.504 INFO - Done: [is displayed: 0 [[ChromeDriver: chrome on MAC (61f5cae1ff8b59c155d485821e339fa8)] -> css selector: body]]
16:12:19.507 INFO - Executing: [get title])
16:12:19.513 INFO - Done: [get title]
16:12:19.516 INFO - Executing: [find element: By.cssSelector: input#username])
16:12:19.538 INFO - Done: [find element: By.cssSelector: input#username]
16:12:19.542 INFO - Executing: [send keys: 1 [[ChromeDriver: chrome on MAC (61f5cae1ff8b59c155d485821e339fa8)] -> css selector: input#username], [a, n, d, e, l, a]])
16:12:19.820 INFO - Done: [send keys: 1 [[ChromeDriver: chrome on MAC (61f5cae1ff8b59c155d485821e339fa8)] -> css selector: input#username], [a, n, d, e, l, a]]
16:12:19.837 INFO - Executing: [find element: By.cssSelector: input#firstname])
16:12:19.867 INFO - Done: [find element: By.cssSelector: input#firstname]
16:12:19.873 INFO - Executing: [send keys: 2 [[ChromeDriver: chrome on MAC (61f5cae1ff8b59c155d485821e339fa8)] -> css selector: input#firstname], [a, n, d, e, l, a]])
16:12:20.019 INFO - Done: [send keys: 2 [[ChromeDriver: chrome on MAC (61f5cae1ff8b59c155d485821e339fa8)] -> css selector: input#firstname], [a, n, d, e, l, a]]
16:12:20.024 INFO - Executing: [find element: By.cssSelector: input#lastname])
16:12:20.048 INFO - Done: [find element: By.cssSelector: input#lastname]
16:12:20.057 INFO - Executing: [send keys: 3 [[ChromeDriver: chrome on MAC (61f5cae1ff8b59c155d485821e339fa8)] -> css selector: input#lastname], [f, r, e, e, m, i, l, e]])
16:12:20.310 INFO - Done: [send keys: 3 [[ChromeDriver: chrome on MAC (61f5cae1ff8b59c155d485821e339fa8)] -> css selector: input#lastname], [f, r, e, e, m, i, l, e]]
16:12:20.313 INFO - Executing: [find element: By.cssSelector: input#email])
16:12:20.340 INFO - Done: [find element: By.cssSelector: input#email]
16:12:20.343 INFO - Executing: [send keys: 4 [[ChromeDriver: chrome on MAC (61f5cae1ff8b59c155d485821e339fa8)] -> css selector: input#email], [f, r, e, e, m, i, l, e, @, g, m, a, i, l, ., c, o, m]])
16:12:20.575 INFO - Done: [send keys: 4 [[ChromeDriver: chrome on MAC (61f5cae1ff8b59c155d485821e339fa8)] -> css selector: input#email], [f, r, e, e, m, i, l, e, @, g, m, a, i, l, ., c, o, m]]
16:12:20.578 INFO - Executing: [find element: By.cssSelector: input#password])
16:12:20.599 INFO - Done: [find element: By.cssSelector: input#password]
16:12:20.605 INFO - Executing: [send keys: 5 [[ChromeDriver: chrome on MAC (61f5cae1ff8b59c155d485821e339fa8)] -> css selector: input#password], [1, 2, 3, 4, 5, 6, 7, 8]])
16:12:20.731 INFO - Done: [send keys: 5 [[ChromeDriver: chrome on MAC (61f5cae1ff8b59c155d485821e339fa8)] -> css selector: input#password], [1, 2, 3, 4, 5, 6, 7, 8]]
16:12:20.739 INFO - Executing: [find element: By.cssSelector: button[type="submit"]])
16:12:20.766 INFO - Done: [find element: By.cssSelector: button[type="submit"]]
16:12:20.772 INFO - Executing: [click: 6 [[ChromeDriver: chrome on MAC (61f5cae1ff8b59c155d485821e339fa8)] -> css selector: button[type="submit"]]])
16:12:20.862 INFO - Done: [click: 6 [[ChromeDriver: chrome on MAC (61f5cae1ff8b59c155d485821e339fa8)] -> css selector: button[type="submit"]]]
16:12:22.376 INFO - Executing: [find elements: By.cssSelector: body])
16:12:22.385 INFO - Done: [find elements: By.cssSelector: body]
16:12:22.388 INFO - Executing: [is displayed: 0 [[ChromeDriver: chrome on MAC (61f5cae1ff8b59c155d485821e339fa8)] -> css selector: body]])
16:12:22.395 INFO - Done: [is displayed: 0 [[ChromeDriver: chrome on MAC (61f5cae1ff8b59c155d485821e339fa8)] -> css selector: body]]
16:12:22.399 INFO - Executing: [get current url])
16:12:22.405 INFO - Done: [get current url]
16:12:22.409 INFO - Executing: [delete session: 9b2ce451-a46f-4f22-b66f-8ee367e30821])
16:12:22.542 INFO - Done: [delete session: 9b2ce451-a46f-4f22-b66f-8ee367e30821]
